<?xml version="1.0" encoding="UTF-8"?>
<!-- Generated by org.testng.reporters.JUnitXMLReporter -->
<testsuite ignored="0" hostname="LAPTOP-23CQP399" failures="0" tests="5" name="Default test(failed)" time="34.895" errors="0" timestamp="2022-04-10T12:47:38 IST">
  <testcase classname="testClasses.FacebookSignup" name="signUpTest01" time="5.67"/>
  <testcase classname="testClasses.FacebookSignup" name="signUpTest02" time="2.83"/>
  <testcase classname="testClasses.FacebookSignup" name="signUpTest03" time="2.191"/>
  <testcase classname="testClasses.FacebookSignup" name="signUpTest04" time="2.41"/>
  <testcase classname="testClasses.FacebookSignup" name="signUpTest05" time="1.865"/>
</testsuite> <!-- Default test(failed) -->
