<?xml version="1.0" encoding="UTF-8"?>
<!-- Generated by org.testng.reporters.JUnitXMLReporter -->
<testsuite ignored="0" hostname="LAPTOP-23CQP399" failures="0" tests="5" name="Default test" time="35.738" errors="0" timestamp="2022-04-07T17:29:07 IST">
  <testcase classname="testClasses.FacebookSignup" name="signUpTest01" time="5.014"/>
  <testcase classname="testClasses.FacebookSignup" name="signUpTest02" time="2.847"/>
  <testcase classname="testClasses.FacebookSignup" name="signUpTest03" time="2.756"/>
  <testcase classname="testClasses.FacebookSignup" name="signUpTest04" time="2.142"/>
  <testcase classname="testClasses.FacebookSignup" name="signUpTest05" time="2.852"/>
</testsuite> <!-- Default test -->
