<?xml version="1.0" encoding="UTF-8"?>
<!-- Generated by org.testng.reporters.JUnitXMLReporter -->
<testsuite ignored="0" hostname="LAPTOP-23CQP399" failures="0" tests="5" name="Default test" time="36.474" errors="0" timestamp="2022-04-10T12:43:18 IST">
  <testcase classname="testClasses.FacebookSignup" name="signUpTest01" time="5.394"/>
  <testcase classname="testClasses.FacebookSignup" name="signUpTest02" time="3.683"/>
  <testcase classname="testClasses.FacebookSignup" name="signUpTest03" time="2.334"/>
  <testcase classname="testClasses.FacebookSignup" name="signUpTest04" time="2.205"/>
  <testcase classname="testClasses.FacebookSignup" name="signUpTest05" time="2.067"/>
</testsuite> <!-- Default test -->
